<?xml version="1.0" encoding="UTF-8"?>
<!-- Generated by org.testng.reporters.JUnitReportReporter -->
<testsuite skipped="0" hostname="TUANNGUYEN-PC" name="com.stepdefAmazon.AmazonStepDef" tests="6" failures="0" timestamp="11 Sep 2018 18:11:06 GMT" time="37.033" errors="1">
  <testcase name="put_URL_and_go_to_home_page" time="5.929" classname="com.stepdefAmazon.AmazonStepDef"/>
  <testcase name="user_able_to_search_for_iphone_x" time="2.658" classname="com.stepdefAmazon.AmazonStepDef"/>
  <testcase name="user_able_to_click_on_one_iphone" time="10.101" classname="com.stepdefAmazon.AmazonStepDef">
    <error type="java.lang.IllegalArgumentException" message="bound must be greater than origin">
      <![CDATA[java.lang.IllegalArgumentException: bound must be greater than origin
at java.util.concurrent.ThreadLocalRandom.nextInt(ThreadLocalRandom.java:378)
at com.stepdefAmazon.AmazonStepDef.user_able_to_click_on_one_iphone(AmazonStepDef.java:195)
at sun.reflect.NativeMethodAccessorImpl.invoke0(Native Method)
at sun.reflect.NativeMethodAccessorImpl.invoke(NativeMethodAccessorImpl.java:62)
at sun.reflect.DelegatingMethodAccessorImpl.invoke(DelegatingMethodAccessorImpl.java:43)
at java.lang.reflect.Method.invoke(Method.java:498)
at org.testng.internal.MethodInvocationHelper.invokeMethod(MethodInvocationHelper.java:124)
at org.testng.internal.Invoker.invokeMethod(Invoker.java:580)
at org.testng.internal.Invoker.invokeTestMethod(Invoker.java:716)
at org.testng.internal.Invoker.invokeTestMethods(Invoker.java:988)
at org.testng.internal.TestMethodWorker.invokeTestMethods(TestMethodWorker.java:125)
at org.testng.internal.TestMethodWorker.run(TestMethodWorker.java:109)
at org.testng.TestRunner.privateRun(TestRunner.java:648)
at org.testng.TestRunner.run(TestRunner.java:505)
at org.testng.SuiteRunner.runTest(SuiteRunner.java:455)
at org.testng.SuiteRunner.runSequentially(SuiteRunner.java:450)
at org.testng.SuiteRunner.privateRun(SuiteRunner.java:415)
at org.testng.SuiteRunner.run(SuiteRunner.java:364)
at org.testng.SuiteRunnerWorker.runSuite(SuiteRunnerWorker.java:52)
at org.testng.SuiteRunnerWorker.run(SuiteRunnerWorker.java:84)
at org.testng.TestNG.runSuitesSequentially(TestNG.java:1208)
at org.testng.TestNG.runSuitesLocally(TestNG.java:1137)
at org.testng.TestNG.runSuites(TestNG.java:1049)
at org.testng.TestNG.run(TestNG.java:1017)
at org.testng.remote.AbstractRemoteTestNG.run(AbstractRemoteTestNG.java:114)
at org.testng.remote.RemoteTestNG.initAndRun(RemoteTestNG.java:251)
at org.testng.remote.RemoteTestNG.main(RemoteTestNG.java:77)
]]>
    </error>
  </testcase> <!-- user_able_to_click_on_one_iphone -->
  <testcase name="user_able_to_search_for_iphone" time="2.356" classname="com.stepdefAmazon.AmazonStepDef"/>
  <testcase name="user_able_to_select_one_HP_laptop" time="7.584" classname="com.stepdefAmazon.AmazonStepDef"/>
  <testcase name="user_able_to_search_for_HP_laptop" time="8.405" classname="com.stepdefAmazon.AmazonStepDef"/>
</testsuite> <!-- com.stepdefAmazon.AmazonStepDef -->
